[0308/133121.983:ERROR:third_party\crashpad\crashpad\util\file\file_io_win.cc:202] LockFileEx: Incorrect function. (0x1)
[0308/133121.985:ERROR:third_party\crashpad\crashpad\util\file\file_io_win.cc:202] LockFileEx: Incorrect function. (0x1)
[0308/133121.987:ERROR:third_party\crashpad\crashpad\util\file\file_io_win.cc:202] LockFileEx: Incorrect function. (0x1)
[0308/133121.990:ERROR:third_party\crashpad\crashpad\util\file\file_io_win.cc:202] LockFileEx: Incorrect function. (0x1)
[33896:60452:0308/133122.107:ERROR:components\segmentation_platform\internal\database\ukm_database_backend.cc:148] Failed to open UKM database: 0 database is locked
[33896:56720:0308/133122.128:ERROR:net\socket\tcp_socket_win.cc:530] bind() returned an error: Only one usage of each socket address (protocol/network address/port) is normally permitted. (0x2740)
[33896:56720:0308/133122.128:ERROR:net\socket\tcp_socket_win.cc:530] bind() returned an error: Only one usage of each socket address (protocol/network address/port) is normally permitted. (0x2740)
[33896:56720:0308/133122.128:ERROR:content\browser\devtools\devtools_http_handler.cc:313] Cannot start http server for devtools.
[33896:6780:0308/133122.135:ERROR:content\browser\network_sandbox.cc:385] Failed to grant sandbox access to cache directory \\wsl.localhost\Ubuntu\home\openclaw-agent\.openclaw\workspace\undefined\Users\undefined\AppData\Local\lighthouse.26742457\Default\Cache\Cache_Data: Incorrect function. (0x1)
[33896:6780:0308/133122.142:ERROR:content\browser\network_sandbox.cc:318] Failed to grant sandbox access to NoVarySearch directory \\wsl.localhost\Ubuntu\home\openclaw-agent\.openclaw\workspace\undefined\Users\undefined\AppData\Local\lighthouse.26742457\Default\Cache\No_Vary_Search: Incorrect function. (0x1)
[33896:4900:0308/133122.150:ERROR:content\browser\network_sandbox.cc:490] Failed to grant sandbox access to network context data directory \\wsl.localhost\Ubuntu\home\openclaw-agent\.openclaw\workspace\undefined\Users\undefined\AppData\Local\lighthouse.26742457\Default\Safe Browsing Network: Incorrect function. (0x1)
[33896:6780:0308/133122.152:ERROR:content\browser\network_sandbox.cc:318] Failed to grant sandbox access to SharedDictionary directory \\wsl.localhost\Ubuntu\home\openclaw-agent\.openclaw\workspace\undefined\Users\undefined\AppData\Local\lighthouse.26742457\Default\Shared Dictionary: Incorrect function. (0x1)
[33896:49816:0308/133122.154:ERROR:components\password_manager\core\browser\password_store\login_database.cc:1141] Unable to open the password store database.
[33896:43024:0308/133122.154:ERROR:components\password_manager\core\browser\password_store\login_database.cc:1141] Unable to open the password store database.
[33896:43024:0308/133122.154:ERROR:components\password_manager\core\browser\password_store\login_database_async_helper.cc:79] Could not create/open login database.
[33896:49816:0308/133122.154:ERROR:components\password_manager\core\browser\password_store\login_database_async_helper.cc:79] Could not create/open login database.
[33896:6780:0308/133122.163:ERROR:content\browser\network_sandbox.cc:490] Failed to grant sandbox access to network context data directory \\wsl.localhost\Ubuntu\home\openclaw-agent\.openclaw\workspace\undefined\Users\undefined\AppData\Local\lighthouse.26742457\Default\Network: Incorrect function. (0x1)
[33896:8160:0308/133122.194:ERROR:content\browser\network_service_instance_impl.cc:243] Encountered error while migrating network context data or granting sandbox access for \\wsl.localhost\Ubuntu\home\openclaw-agent\.openclaw\workspace\undefined\Users\undefined\AppData\Local\lighthouse.26742457\Default\Safe Browsing Network. Result: 6: The operation completed successfully. (0x0)
[33896:8160:0308/133122.203:ERROR:content\browser\network_service_instance_impl.cc:243] Encountered error while migrating network context data or granting sandbox access for \\wsl.localhost\Ubuntu\home\openclaw-agent\.openclaw\workspace\undefined\Users\undefined\AppData\Local\lighthouse.26742457\Default\Network. Result: 6: The operation completed successfully. (0x0)
[33896:6780:0308/133122.216:ERROR:components\history\core\browser\top_sites_backend.cc:78] Failed to initialize database.
[33896:8160:0308/133124.297:ERROR:components\device_event_log\device_event_log_impl.cc:202] [13:31:24.297] USB: usb_service_win.cc:105 SetupDiGetDeviceProperty({{A45C254E-DF1C-4EFD-8020-67D146A850E0}, 6}) failed: Element not found. (0x490)
[33896:40752:0308/133127.092:ERROR:google_apis\gcm\engine\gcm_store_impl.cc:321] Failed to open database \\wsl.localhost\Ubuntu\home\openclaw-agent\.openclaw\workspace\undefined\Users\undefined\AppData\Local\lighthouse.26742457\Default\GCM Store: IO error: \\wsl.localhost\Ubuntu\home\openclaw-agent\.openclaw\workspace\undefined\Users\undefined\AppData\Local\lighthouse.26742457\Default\GCM Store/LOCK: No further details. (ChromeMethodBFE: 15::LockFile::1)
[33896:55208:0308/133128.881:ERROR:google_apis\gcm\engine\gcm_store_impl.cc:418] Destroy failed: IO error: \\wsl.localhost\Ubuntu\home\openclaw-agent\.openclaw\workspace\undefined\Users\undefined\AppData\Local\lighthouse.26742457\Default\GCM Store/LOCK: No further details. (ChromeMethodBFE: 15::LockFile::1)
[33896:51484:0308/133128.881:ERROR:components\gcm_driver\gcm_client_impl.cc:759] Failed to reset GCM store
[33896:8160:0308/133522.750:ERROR:components\device_event_log\device_event_log_impl.cc:202] [13:35:22.750] FIDO: enclave_manager.cc:4262 Failed to write enclave state
[33896:8160:0308/135052.071:ERROR:components\device_event_log\device_event_log_impl.cc:202] [13:50:52.067] USB: usb_service_win.cc:105 SetupDiGetDeviceProperty({{A45C254E-DF1C-4EFD-8020-67D146A850E0}, 6}) failed: Element not found. (0x490)
