[0308/133153.019:ERROR:third_party\crashpad\crashpad\util\file\file_io_win.cc:202] LockFileEx: Incorrect function. (0x1)
[0308/133153.020:ERROR:third_party\crashpad\crashpad\util\file\file_io_win.cc:202] LockFileEx: Incorrect function. (0x1)
[0308/133153.021:ERROR:third_party\crashpad\crashpad\util\file\file_io_win.cc:202] LockFileEx: Incorrect function. (0x1)
[0308/133153.024:ERROR:third_party\crashpad\crashpad\util\file\file_io_win.cc:202] LockFileEx: Incorrect function. (0x1)
[35468:23824:0308/133153.146:ERROR:components\segmentation_platform\internal\database\ukm_database_backend.cc:148] Failed to open UKM database: 0 database is locked
[35468:33268:0308/133153.149:ERROR:net\socket\tcp_socket_win.cc:530] bind() returned an error: Only one usage of each socket address (protocol/network address/port) is normally permitted. (0x2740)
[35468:33268:0308/133153.149:ERROR:net\socket\tcp_socket_win.cc:530] bind() returned an error: Only one usage of each socket address (protocol/network address/port) is normally permitted. (0x2740)
[35468:33268:0308/133153.149:ERROR:content\browser\devtools\devtools_http_handler.cc:313] Cannot start http server for devtools.
[35468:57128:0308/133153.155:ERROR:content\browser\network_sandbox.cc:385] Failed to grant sandbox access to cache directory \\wsl.localhost\Ubuntu\home\openclaw-agent\.openclaw\workspace\undefined\Users\undefined\AppData\Local\lighthouse.42595700\Default\Cache\Cache_Data: Incorrect function. (0x1)
[35468:21712:0308/133153.162:ERROR:components\password_manager\core\browser\password_store\login_database.cc:1141] Unable to open the password store database.
[35468:27460:0308/133153.162:ERROR:components\password_manager\core\browser\password_store\login_database.cc:1141] Unable to open the password store database.
[35468:21712:0308/133153.162:ERROR:components\password_manager\core\browser\password_store\login_database_async_helper.cc:79] Could not create/open login database.
[35468:27460:0308/133153.162:ERROR:components\password_manager\core\browser\password_store\login_database_async_helper.cc:79] Could not create/open login database.
[35468:57128:0308/133153.162:ERROR:content\browser\network_sandbox.cc:318] Failed to grant sandbox access to NoVarySearch directory \\wsl.localhost\Ubuntu\home\openclaw-agent\.openclaw\workspace\undefined\Users\undefined\AppData\Local\lighthouse.42595700\Default\Cache\No_Vary_Search: Incorrect function. (0x1)
[35468:14148:0308/133153.172:ERROR:content\browser\network_sandbox.cc:490] Failed to grant sandbox access to network context data directory \\wsl.localhost\Ubuntu\home\openclaw-agent\.openclaw\workspace\undefined\Users\undefined\AppData\Local\lighthouse.42595700\Default\Safe Browsing Network: Incorrect function. (0x1)
[35468:57128:0308/133153.172:ERROR:content\browser\network_sandbox.cc:318] Failed to grant sandbox access to SharedDictionary directory \\wsl.localhost\Ubuntu\home\openclaw-agent\.openclaw\workspace\undefined\Users\undefined\AppData\Local\lighthouse.42595700\Default\Shared Dictionary: Incorrect function. (0x1)
[35468:57128:0308/133153.182:ERROR:content\browser\network_sandbox.cc:490] Failed to grant sandbox access to network context data directory \\wsl.localhost\Ubuntu\home\openclaw-agent\.openclaw\workspace\undefined\Users\undefined\AppData\Local\lighthouse.42595700\Default\Network: Incorrect function. (0x1)
[35468:45408:0308/133153.210:ERROR:content\browser\network_service_instance_impl.cc:243] Encountered error while migrating network context data or granting sandbox access for \\wsl.localhost\Ubuntu\home\openclaw-agent\.openclaw\workspace\undefined\Users\undefined\AppData\Local\lighthouse.42595700\Default\Safe Browsing Network. Result: 6: The operation completed successfully. (0x0)
[35468:45408:0308/133153.218:ERROR:content\browser\network_service_instance_impl.cc:243] Encountered error while migrating network context data or granting sandbox access for \\wsl.localhost\Ubuntu\home\openclaw-agent\.openclaw\workspace\undefined\Users\undefined\AppData\Local\lighthouse.42595700\Default\Network. Result: 6: The operation completed successfully. (0x0)
[35468:60964:0308/133153.286:ERROR:components\history\core\browser\top_sites_backend.cc:78] Failed to initialize database.
[35468:45408:0308/133155.325:ERROR:components\device_event_log\device_event_log_impl.cc:202] [13:31:55.325] USB: usb_service_win.cc:105 SetupDiGetDeviceProperty({{A45C254E-DF1C-4EFD-8020-67D146A850E0}, 6}) failed: Element not found. (0x490)
[35468:17144:0308/133158.118:ERROR:google_apis\gcm\engine\gcm_store_impl.cc:321] Failed to open database \\wsl.localhost\Ubuntu\home\openclaw-agent\.openclaw\workspace\undefined\Users\undefined\AppData\Local\lighthouse.42595700\Default\GCM Store: IO error: \\wsl.localhost\Ubuntu\home\openclaw-agent\.openclaw\workspace\undefined\Users\undefined\AppData\Local\lighthouse.42595700\Default\GCM Store/LOCK: No further details. (ChromeMethodBFE: 15::LockFile::1)
[35468:55992:0308/133159.893:ERROR:google_apis\gcm\engine\gcm_store_impl.cc:418] Destroy failed: IO error: \\wsl.localhost\Ubuntu\home\openclaw-agent\.openclaw\workspace\undefined\Users\undefined\AppData\Local\lighthouse.42595700\Default\GCM Store/LOCK: No further details. (ChromeMethodBFE: 15::LockFile::1)
[35468:42136:0308/133159.893:ERROR:components\gcm_driver\gcm_client_impl.cc:759] Failed to reset GCM store
[35468:45408:0308/133553.757:ERROR:components\device_event_log\device_event_log_impl.cc:202] [13:35:53.757] FIDO: enclave_manager.cc:4262 Failed to write enclave state
[35468:45408:0308/135052.062:ERROR:components\device_event_log\device_event_log_impl.cc:202] [13:50:52.059] USB: usb_service_win.cc:105 SetupDiGetDeviceProperty({{A45C254E-DF1C-4EFD-8020-67D146A850E0}, 6}) failed: Element not found. (0x490)
